ffmpeg version 8.0.1 Copyright (c) 2000-2025 the FFmpeg developers
built with Apple clang version 17.0.0 (clang-1700.6.3.2)
configuration: --prefix=/opt/homebrew/Cellar/ffmpeg/8.0.1_4 --enable-shared --enable-pthreads --enable-version3 --cc=clang --host-cflags= --host-ldflags= --enable-ffplay --enable-gpl --enable-libsvtav1 --enable-libopus --enable-libx264 --enable-libmp3lame --enable-libdav1d --enable-libvpx --enable-libx265 --enable-openssl --enable-videotoolbox --enable-audiotoolbox --enable-neon
libavutil      60.  8.100 / 60.  8.100
libavcodec     62. 11.100 / 62. 11.100
libavformat    62.  3.100 / 62.  3.100
libavdevice    62.  1.100 / 62.  1.100
libavfilter    11.  4.100 / 11.  4.100
libswscale      9.  1.100 /  9.  1.100
libswresample   6.  1.100 /  6.  1.100

Exiting with exit code 0
ffmpeg is available.
whisper_init_from_file_with_params_no_state: loading model from '/Users/akbay/Developer/turkcealtyazi/companion-app/whisper.cpp/models/ggml-large-v3.bin'
whisper_init_with_params_no_state: use gpu    = 1
whisper_init_with_params_no_state: flash attn = 1
whisper_init_with_params_no_state: gpu_device = 0
whisper_init_with_params_no_state: dtw        = 0
ggml_metal_device_init: tensor API disabled for pre-M5 and pre-A19 devices
ggml_metal_library_init: using embedded metal library
ggml_metal_library_init: loaded in 0.020 sec
ggml_metal_rsets_init: creating a residency set collection (keep_alive = 180 s)
ggml_metal_device_init: GPU name:   MTL0
ggml_metal_device_init: GPU family: MTLGPUFamilyApple9  (1009)
ggml_metal_device_init: GPU family: MTLGPUFamilyCommon3 (3003)
ggml_metal_device_init: GPU family: MTLGPUFamilyMetal4  (5002)
ggml_metal_device_init: simdgroup reduction   = true
ggml_metal_device_init: simdgroup matrix mul. = true
ggml_metal_device_init: has unified memory    = true
ggml_metal_device_init: has bfloat            = true
ggml_metal_device_init: has tensor            = false
ggml_metal_device_init: use residency sets    = true
ggml_metal_device_init: use shared buffers    = true
ggml_metal_device_init: recommendedMaxWorkingSetSize  = 12713.12 MB
whisper_init_with_params_no_state: devices    = 3
whisper_init_with_params_no_state: backends   = 3
whisper_model_load: loading model
whisper_model_load: n_vocab       = 51866
whisper_model_load: n_audio_ctx   = 1500
whisper_model_load: n_audio_state = 1280
whisper_model_load: n_audio_head  = 20
whisper_model_load: n_audio_layer = 32
whisper_model_load: n_text_ctx    = 448
whisper_model_load: n_text_state  = 1280
whisper_model_load: n_text_head   = 20
whisper_model_load: n_text_layer  = 32
whisper_model_load: n_mels        = 128
whisper_model_load: ftype         = 1
whisper_model_load: qntvr         = 0
whisper_model_load: type          = 5 (large v3)
whisper_model_load: adding 1609 extra tokens
whisper_model_load: n_langs       = 100
whisper_model_load:         MTL0 total size =  3094.36 MB
whisper_model_load: model size    = 3094.36 MB
whisper_backend_init_gpu: device 0: MTL0 (type: 1)
whisper_backend_init_gpu: found GPU device 0: MTL0 (type: 1, cnt: 0)
whisper_backend_init_gpu: using MTL0 backend
ggml_metal_init: allocating
ggml_metal_init: found device: Apple M4
ggml_metal_init: picking default device: Apple M4
ggml_metal_init: use fusion         = true
ggml_metal_init: use concurrency    = true
ggml_metal_init: use graph optimize = true
whisper_backend_init: using BLAS backend
whisper_init_state: kv self size  =   83.89 MB
whisper_init_state: kv cross size =  251.66 MB
whisper_init_state: kv pad  size  =    7.86 MB
whisper_init_state: loading Core ML model from '/Users/akbay/Developer/turkcealtyazi/companion-app/whisper.cpp/models/ggml-large-v3-encoder.mlmodelc'
whisper_init_state: first run on a device may take a while ...
whisper_init_state: Core ML model loaded
whisper_init_state: compute buffer (conv)   =   10.81 MB
whisper_init_state: compute buffer (cross)  =  139.83 MB
whisper_init_state: compute buffer (decode) =  100.04 MB
ffmpeg version 8.0.1 Copyright (c) 2000-2025 the FFmpeg developers
  built with Apple clang version 17.0.0 (clang-1700.6.3.2)
  configuration: --prefix=/opt/homebrew/Cellar/ffmpeg/8.0.1_4 --enable-shared --enable-pthreads --enable-version3 --cc=clang --host-cflags= --host-ldflags= --enable-ffplay --enable-gpl --enable-libsvtav1 --enable-libopus --enable-libx264 --enable-libmp3lame --enable-libdav1d --enable-libvpx --enable-libx265 --enable-openssl --enable-videotoolbox --enable-audiotoolbox --enable-neon
  libavutil      60.  8.100 / 60.  8.100
  libavcodec     62. 11.100 / 62. 11.100
  libavformat    62.  3.100 / 62.  3.100
  libavdevice    62.  1.100 / 62.  1.100
  libavfilter    11.  4.100 / 11.  4.100
  libswscale      9.  1.100 /  9.  1.100
  libswresample   6.  1.100 /  6.  1.100
Input #0, mov,mp4,m4a,3gp,3g2,mj2, from './whisper-server-20260318-175052-836111552.wav':
  Metadata:
    major_brand     : isom
    minor_version   : 512
    compatible_brands: isomiso6iso2avc1mp41
    title           : FAKİRLİK | Harbi Hayatlar | Röportaj Adam
    encoder         : Lavf58.76.100
  Duration: 00:08:29.98, start: 0.000000, bitrate: 748 kb/s
  Stream #0:0[0x1](und): Video: h264 (Main) (avc1 / 0x31637661), yuv420p(tv, bt709, progressive), 1280x720 [SAR 1:1 DAR 16:9], 616 kb/s, 24 fps, 24 tbr, 12288 tbn, start 0.041667 (default)
    Metadata:
      handler_name    : ISO Media file produced by Google Inc.
      vendor_id       : [0][0][0][0]
  Stream #0:1[0x2](eng): Audio: aac (LC) (mp4a / 0x6134706D), 44100 Hz, stereo, fltp, 127 kb/s (default)
    Metadata:
      handler_name    : ISO Media file produced by Google Inc.
      vendor_id       : [0][0][0][0]
Stream mapping:
  Stream #0:1 -> #0:0 (aac (native) -> pcm_s16le (native))
Press [q] to stop, [?] for help
Output #0, wav, to './whisper-server-20260318-175052-836111552.wav_temp.wav':
  Metadata:
    major_brand     : isom
    minor_version   : 512
    compatible_brands: isomiso6iso2avc1mp41
    INAM            : FAKİRLİK | Harbi Hayatlar | Röportaj Adam
    ISFT            : Lavf62.3.100
  Stream #0:0(eng): Audio: pcm_s16le ([1][0][0][0] / 0x0001), 16000 Hz, mono, s16, 256 kb/s (default)
    Metadata:
      encoder         : Lavc62.11.100 pcm_s16le
      handler_name    : ISO Media file produced by Google Inc.
      vendor_id       : [0][0][0][0]
[out#0/wav @ 0x8c306c300] video:0KiB audio:15935KiB subtitle:0KiB other streams:0KiB global headers:0KiB muxing overhead: 0.000809%
size=   15936KiB time=00:08:29.97 bitrate= 256.0kbits/s speed=2e+03x elapsed=0:00:00.25    

system_info: n_threads = 4 / 10 | WHISPER : COREML = 1 | OPENVINO = 0 | MTL : EMBED_LIBRARY = 1 | CPU : NEON = 1 | ARM_FMA = 1 | FP16_VA = 1 | MATMUL_INT8 = 1 | DOTPROD = 1 | SME = 1 | ACCELERATE = 1 | REPACK = 1 | 

operator(): processing 'blob' (8158935 samples, 509.9 sec), 4 threads, 1 processors, lang = tr, task = transcribe, timestamps = 1 ...

ffmpeg version 8.0.1 Copyright (c) 2000-2025 the FFmpeg developers
  built with Apple clang version 17.0.0 (clang-1700.6.3.2)
  configuration: --prefix=/opt/homebrew/Cellar/ffmpeg/8.0.1_4 --enable-shared --enable-pthreads --enable-version3 --cc=clang --host-cflags= --host-ldflags= --enable-ffplay --enable-gpl --enable-libsvtav1 --enable-libopus --enable-libx264 --enable-libmp3lame --enable-libdav1d --enable-libvpx --enable-libx265 --enable-openssl --enable-videotoolbox --enable-audiotoolbox --enable-neon
  libavutil      60.  8.100 / 60.  8.100
  libavcodec     62. 11.100 / 62. 11.100
  libavformat    62.  3.100 / 62.  3.100
  libavdevice    62.  1.100 / 62.  1.100
  libavfilter    11.  4.100 / 11.  4.100
  libswscale      9.  1.100 /  9.  1.100
  libswresample   6.  1.100 /  6.  1.100
Input #0, mov,mp4,m4a,3gp,3g2,mj2, from './whisper-server-20260318-180826-666465341.wav':
  Metadata:
    major_brand     : isom
    minor_version   : 512
    compatible_brands: isomiso6iso2avc1mp41
    title           : FAKİRLİK | Harbi Hayatlar | Röportaj Adam
    encoder         : Lavf58.76.100
  Duration: 00:08:29.98, start: 0.000000, bitrate: 748 kb/s
  Stream #0:0[0x1](und): Video: h264 (Main) (avc1 / 0x31637661), yuv420p(tv, bt709, progressive), 1280x720 [SAR 1:1 DAR 16:9], 616 kb/s, 24 fps, 24 tbr, 12288 tbn, start 0.041667 (default)
    Metadata:
      handler_name    : ISO Media file produced by Google Inc.
      vendor_id       : [0][0][0][0]
  Stream #0:1[0x2](eng): Audio: aac (LC) (mp4a / 0x6134706D), 44100 Hz, stereo, fltp, 127 kb/s (default)
    Metadata:
      handler_name    : ISO Media file produced by Google Inc.
      vendor_id       : [0][0][0][0]
Stream mapping:
  Stream #0:1 -> #0:0 (aac (native) -> pcm_s16le (native))
Press [q] to stop, [?] for help
Output #0, wav, to './whisper-server-20260318-180826-666465341.wav_temp.wav':
  Metadata:
    major_brand     : isom
    minor_version   : 512
    compatible_brands: isomiso6iso2avc1mp41
    INAM            : FAKİRLİK | Harbi Hayatlar | Röportaj Adam
    ISFT            : Lavf62.3.100
  Stream #0:0(eng): Audio: pcm_s16le ([1][0][0][0] / 0x0001), 16000 Hz, mono, s16, 256 kb/s (default)
    Metadata:
      encoder         : Lavc62.11.100 pcm_s16le
      handler_name    : ISO Media file produced by Google Inc.
      vendor_id       : [0][0][0][0]
[out#0/wav @ 0xa74c20300] video:0KiB audio:15935KiB subtitle:0KiB other streams:0KiB global headers:0KiB muxing overhead: 0.000809%
size=   15936KiB time=00:08:29.97 bitrate= 256.0kbits/s speed=1.99e+03x elapsed=0:00:00.25    

system_info: n_threads = 4 / 10 | WHISPER : COREML = 1 | OPENVINO = 0 | MTL : EMBED_LIBRARY = 1 | CPU : NEON = 1 | ARM_FMA = 1 | FP16_VA = 1 | MATMUL_INT8 = 1 | DOTPROD = 1 | SME = 1 | ACCELERATE = 1 | REPACK = 1 | 

operator(): processing 'blob' (8158935 samples, 509.9 sec), 4 threads, 1 processors, lang = tr, task = transcribe, timestamps = 1 ...

ffmpeg version 8.0.1 Copyright (c) 2000-2025 the FFmpeg developers
  built with Apple clang version 17.0.0 (clang-1700.6.3.2)
  configuration: --prefix=/opt/homebrew/Cellar/ffmpeg/8.0.1_4 --enable-shared --enable-pthreads --enable-version3 --cc=clang --host-cflags= --host-ldflags= --enable-ffplay --enable-gpl --enable-libsvtav1 --enable-libopus --enable-libx264 --enable-libmp3lame --enable-libdav1d --enable-libvpx --enable-libx265 --enable-openssl --enable-videotoolbox --enable-audiotoolbox --enable-neon
  libavutil      60.  8.100 / 60.  8.100
  libavcodec     62. 11.100 / 62. 11.100
  libavformat    62.  3.100 / 62.  3.100
  libavdevice    62.  1.100 / 62.  1.100
  libavfilter    11.  4.100 / 11.  4.100
  libswscale      9.  1.100 /  9.  1.100
  libswresample   6.  1.100 /  6.  1.100
Input #0, mov,mp4,m4a,3gp,3g2,mj2, from './whisper-server-20260318-183156-750315075.wav':
  Metadata:
    major_brand     : isom
    minor_version   : 512
    compatible_brands: isomiso6iso2avc1mp41
    title           : FAKİRLİK | Harbi Hayatlar | Röportaj Adam
    encoder         : Lavf58.76.100
  Duration: 00:08:29.98, start: 0.000000, bitrate: 748 kb/s
  Stream #0:0[0x1](und): Video: h264 (Main) (avc1 / 0x31637661), yuv420p(tv, bt709, progressive), 1280x720 [SAR 1:1 DAR 16:9], 616 kb/s, 24 fps, 24 tbr, 12288 tbn, start 0.041667 (default)
    Metadata:
      handler_name    : ISO Media file produced by Google Inc.
      vendor_id       : [0][0][0][0]
  Stream #0:1[0x2](eng): Audio: aac (LC) (mp4a / 0x6134706D), 44100 Hz, stereo, fltp, 127 kb/s (default)
    Metadata:
      handler_name    : ISO Media file produced by Google Inc.
      vendor_id       : [0][0][0][0]
Stream mapping:
  Stream #0:1 -> #0:0 (aac (native) -> pcm_s16le (native))
Press [q] to stop, [?] for help
Output #0, wav, to './whisper-server-20260318-183156-750315075.wav_temp.wav':
  Metadata:
    major_brand     : isom
    minor_version   : 512
    compatible_brands: isomiso6iso2avc1mp41
    INAM            : FAKİRLİK | Harbi Hayatlar | Röportaj Adam
    ISFT            : Lavf62.3.100
  Stream #0:0(eng): Audio: pcm_s16le ([1][0][0][0] / 0x0001), 16000 Hz, mono, s16, 256 kb/s (default)
    Metadata:
      encoder         : Lavc62.11.100 pcm_s16le
      handler_name    : ISO Media file produced by Google Inc.
      vendor_id       : [0][0][0][0]
[out#0/wav @ 0x7c8c20300] video:0KiB audio:15935KiB subtitle:0KiB other streams:0KiB global headers:0KiB muxing overhead: 0.000809%
size=   15936KiB time=00:08:29.97 bitrate= 256.0kbits/s speed=1.99e+03x elapsed=0:00:00.25    

system_info: n_threads = 4 / 10 | WHISPER : COREML = 1 | OPENVINO = 0 | MTL : EMBED_LIBRARY = 1 | CPU : NEON = 1 | ARM_FMA = 1 | FP16_VA = 1 | MATMUL_INT8 = 1 | DOTPROD = 1 | SME = 1 | ACCELERATE = 1 | REPACK = 1 | 

operator(): processing 'blob' (8158935 samples, 509.9 sec), 4 threads, 1 processors, lang = tr, task = transcribe, timestamps = 1 ...

ffmpeg version 8.0.1 Copyright (c) 2000-2025 the FFmpeg developers
  built with Apple clang version 17.0.0 (clang-1700.6.3.2)
  configuration: --prefix=/opt/homebrew/Cellar/ffmpeg/8.0.1_4 --enable-shared --enable-pthreads --enable-version3 --cc=clang --host-cflags= --host-ldflags= --enable-ffplay --enable-gpl --enable-libsvtav1 --enable-libopus --enable-libx264 --enable-libmp3lame --enable-libdav1d --enable-libvpx --enable-libx265 --enable-openssl --enable-videotoolbox --enable-audiotoolbox --enable-neon
  libavutil      60.  8.100 / 60.  8.100
  libavcodec     62. 11.100 / 62. 11.100
  libavformat    62.  3.100 / 62.  3.100
  libavdevice    62.  1.100 / 62.  1.100
  libavfilter    11.  4.100 / 11.  4.100
  libswscale      9.  1.100 /  9.  1.100
  libswresample   6.  1.100 /  6.  1.100
Input #0, mov,mp4,m4a,3gp,3g2,mj2, from './whisper-server-20260318-184435-459067769.wav':
  Metadata:
    major_brand     : isom
    minor_version   : 512
    compatible_brands: isomiso6iso2avc1mp41
    title           : FAKİRLİK | Harbi Hayatlar | Röportaj Adam
    encoder         : Lavf58.76.100
  Duration: 00:08:29.98, start: 0.000000, bitrate: 748 kb/s
  Stream #0:0[0x1](und): Video: h264 (Main) (avc1 / 0x31637661), yuv420p(tv, bt709, progressive), 1280x720 [SAR 1:1 DAR 16:9], 616 kb/s, 24 fps, 24 tbr, 12288 tbn, start 0.041667 (default)
    Metadata:
      handler_name    : ISO Media file produced by Google Inc.
      vendor_id       : [0][0][0][0]
  Stream #0:1[0x2](eng): Audio: aac (LC) (mp4a / 0x6134706D), 44100 Hz, stereo, fltp, 127 kb/s (default)
    Metadata:
      handler_name    : ISO Media file produced by Google Inc.
      vendor_id       : [0][0][0][0]
Stream mapping:
  Stream #0:1 -> #0:0 (aac (native) -> pcm_s16le (native))
Press [q] to stop, [?] for help
Output #0, wav, to './whisper-server-20260318-184435-459067769.wav_temp.wav':
  Metadata:
    major_brand     : isom
    minor_version   : 512
    compatible_brands: isomiso6iso2avc1mp41
    INAM            : FAKİRLİK | Harbi Hayatlar | Röportaj Adam
    ISFT            : Lavf62.3.100
  Stream #0:0(eng): Audio: pcm_s16le ([1][0][0][0] / 0x0001), 16000 Hz, mono, s16, 256 kb/s (default)
    Metadata:
      encoder         : Lavc62.11.100 pcm_s16le
      handler_name    : ISO Media file produced by Google Inc.
      vendor_id       : [0][0][0][0]
[out#0/wav @ 0x78cc18300] video:0KiB audio:15935KiB subtitle:0KiB other streams:0KiB global headers:0KiB muxing overhead: 0.000809%
size=   15936KiB time=00:08:29.97 bitrate= 256.0kbits/s speed=2e+03x elapsed=0:00:00.25    

system_info: n_threads = 4 / 10 | WHISPER : COREML = 1 | OPENVINO = 0 | MTL : EMBED_LIBRARY = 1 | CPU : NEON = 1 | ARM_FMA = 1 | FP16_VA = 1 | MATMUL_INT8 = 1 | DOTPROD = 1 | SME = 1 | ACCELERATE = 1 | REPACK = 1 | 

operator(): processing 'blob' (8158935 samples, 509.9 sec), 4 threads, 1 processors, lang = tr, task = transcribe, timestamps = 1 ...

ffmpeg version 8.0.1 Copyright (c) 2000-2025 the FFmpeg developers
  built with Apple clang version 17.0.0 (clang-1700.6.3.2)
  configuration: --prefix=/opt/homebrew/Cellar/ffmpeg/8.0.1_4 --enable-shared --enable-pthreads --enable-version3 --cc=clang --host-cflags= --host-ldflags= --enable-ffplay --enable-gpl --enable-libsvtav1 --enable-libopus --enable-libx264 --enable-libmp3lame --enable-libdav1d --enable-libvpx --enable-libx265 --enable-openssl --enable-videotoolbox --enable-audiotoolbox --enable-neon
  libavutil      60.  8.100 / 60.  8.100
  libavcodec     62. 11.100 / 62. 11.100
  libavformat    62.  3.100 / 62.  3.100
  libavdevice    62.  1.100 / 62.  1.100
  libavfilter    11.  4.100 / 11.  4.100
  libswscale      9.  1.100 /  9.  1.100
  libswresample   6.  1.100 /  6.  1.100
Input #0, mov,mp4,m4a,3gp,3g2,mj2, from './whisper-server-20260318-185959-287170616.wav':
  Metadata:
    major_brand     : isom
    minor_version   : 512
    compatible_brands: isomiso6iso2avc1mp41
    title           : FAKİRLİK | Harbi Hayatlar | Röportaj Adam
    encoder         : Lavf58.76.100
  Duration: 00:08:29.98, start: 0.000000, bitrate: 748 kb/s
  Stream #0:0[0x1](und): Video: h264 (Main) (avc1 / 0x31637661), yuv420p(tv, bt709, progressive), 1280x720 [SAR 1:1 DAR 16:9], 616 kb/s, 24 fps, 24 tbr, 12288 tbn, start 0.041667 (default)
    Metadata:
      handler_name    : ISO Media file produced by Google Inc.
      vendor_id       : [0][0][0][0]
  Stream #0:1[0x2](eng): Audio: aac (LC) (mp4a / 0x6134706D), 44100 Hz, stereo, fltp, 127 kb/s (default)
    Metadata:
      handler_name    : ISO Media file produced by Google Inc.
      vendor_id       : [0][0][0][0]
Stream mapping:
  Stream #0:1 -> #0:0 (aac (native) -> pcm_s16le (native))
Press [q] to stop, [?] for help
Output #0, wav, to './whisper-server-20260318-185959-287170616.wav_temp.wav':
  Metadata:
    major_brand     : isom
    minor_version   : 512
    compatible_brands: isomiso6iso2avc1mp41
    INAM            : FAKİRLİK | Harbi Hayatlar | Röportaj Adam
    ISFT            : Lavf62.3.100
  Stream #0:0(eng): Audio: pcm_s16le ([1][0][0][0] / 0x0001), 16000 Hz, mono, s16, 256 kb/s (default)
    Metadata:
      encoder         : Lavc62.11.100 pcm_s16le
      handler_name    : ISO Media file produced by Google Inc.
      vendor_id       : [0][0][0][0]
[out#0/wav @ 0xa4ac18300] video:0KiB audio:15935KiB subtitle:0KiB other streams:0KiB global headers:0KiB muxing overhead: 0.000809%
size=   15936KiB time=00:08:29.97 bitrate= 256.0kbits/s speed=1.99e+03x elapsed=0:00:00.25    

system_info: n_threads = 4 / 10 | WHISPER : COREML = 1 | OPENVINO = 0 | MTL : EMBED_LIBRARY = 1 | CPU : NEON = 1 | ARM_FMA = 1 | FP16_VA = 1 | MATMUL_INT8 = 1 | DOTPROD = 1 | SME = 1 | ACCELERATE = 1 | REPACK = 1 | 

operator(): processing 'blob' (8158935 samples, 509.9 sec), 4 threads, 1 processors, lang = tr, task = transcribe, timestamps = 1 ...


whisper_print_timings:     load time =  1614.88 ms
whisper_print_timings:     fallbacks =   9 p /  17 h
whisper_print_timings:      mel time =   730.75 ms
whisper_print_timings:   sample time =  4633.21 ms /     1 runs (  4633.21 ms per run)
whisper_print_timings:   encode time = 63923.13 ms /    98 runs (   652.28 ms per run)
whisper_print_timings:   decode time = 379054.94 ms / 17228 runs (    22.00 ms per run)
whisper_print_timings:   batchd time = 33079.15 ms /  2669 runs (    12.39 ms per run)
whisper_print_timings:   prompt time = 19618.10 ms / 20691 runs (     0.95 ms per run)
whisper_print_timings:    total time = 17350926.00 ms
ggml_metal_free: deallocating

whisper server listening at http://127.0.0.1:8787

Received request: blob
Successfully loaded blob
Running whisper.cpp inference on blob
Received request: blob
Successfully loaded blob
Running whisper.cpp inference on blob
Received request: blob
Successfully loaded blob
Running whisper.cpp inference on blob
Received request: blob
Successfully loaded blob
Running whisper.cpp inference on blob
Received request: blob
Successfully loaded blob
Running whisper.cpp inference on blob

Caught signal 15, shutting down gracefully...
